<?xml version="1.0" encoding="UTF-8"?>
<testng-results ignored="0" total="1" passed="1" failed="0" skipped="0">
  <reporter-output>
  </reporter-output>
  <suite started-at="2025-06-14T13:09:28 EDT" name="Surefire suite" finished-at="2025-06-14T13:09:37 EDT" duration-ms="9219">
    <groups>
      <group name="cucumber">
        <method signature="AbstractTestNGCucumberTests.runScenario(io.cucumber.testng.PickleWrapper,io.cucumber.testng.FeatureWrapper)[pri:0, instance:cucumberOptions.TestNGRunner@2ef3eef9]" name="runScenario" class="io.cucumber.testng.AbstractTestNGCucumberTests"/>
      </group> <!-- cucumber -->
    </groups>
    <test started-at="2025-06-14T13:09:28 EDT" name="Surefire test" finished-at="2025-06-14T13:09:37 EDT" duration-ms="9219">
      <class name="cucumberOptions.TestNGRunner">
        <test-method is-config="true" signature="setUpClass(org.testng.ITestContext)[pri:0, instance:cucumberOptions.TestNGRunner@2ef3eef9]" started-at="2025-06-14T13:09:28 EDT" name="setUpClass" finished-at="2025-06-14T13:09:29 EDT" duration-ms="786" status="PASS">
          <params>
            <param index="0">
              <value>
                <![CDATA[org.testng.TestRunner@5327a06e]]>
              </value>
            </param>
          </params>
          <reporter-output>
          </reporter-output>
        </test-method> <!-- setUpClass -->
        <test-method signature="runScenario(io.cucumber.testng.PickleWrapper,io.cucumber.testng.FeatureWrapper)[pri:0, instance:cucumberOptions.TestNGRunner@2ef3eef9]" started-at="2025-06-14T13:09:29 EDT" name="runScenario" description="Runs Cucumber Scenarios" data-provider="scenarios" finished-at="2025-06-14T13:09:37 EDT" duration-ms="7627" status="PASS">
          <params>
            <param index="0">
              <value>
                <![CDATA["User Page deafult login"]]>
              </value>
            </param>
            <param index="1">
              <value>
                <![CDATA["Applciation login"]]>
              </value>
            </param>
          </params>
          <reporter-output>
          </reporter-output>
        </test-method> <!-- runScenario -->
        <test-method is-config="true" signature="tearDownClass()[pri:0, instance:cucumberOptions.TestNGRunner@2ef3eef9]" started-at="2025-06-14T13:09:37 EDT" name="tearDownClass" finished-at="2025-06-14T13:09:37 EDT" duration-ms="723" status="PASS">
          <reporter-output>
          </reporter-output>
        </test-method> <!-- tearDownClass -->
      </class> <!-- cucumberOptions.TestNGRunner -->
    </test> <!-- Surefire test -->
  </suite> <!-- Surefire suite -->
</testng-results>
