<?xml version="1.0" encoding="UTF-8"?>
<testsuite xmlns:xsi="http://www.w3.org/2001/XMLSchema-instance" xsi:noNamespaceSchemaLocation="https://maven.apache.org/surefire/maven-surefire-plugin/xsd/surefire-test-report-3.0.xsd" version="3.0" name="TestSuite" time="9.827" tests="1" errors="0" skipped="0" failures="0">
  <properties>
[...]
</properties>
  <testcase name="runScenario[&quot;User Page deafult login&quot;, &quot;Applciation login&quot;](1)" classname="cucumberOptions.TestNGRunner" time="7.634">
    <system-out><![CDATA[
@smoke @regression @brokerbanking
Scenario: User Page deafult login                                         # src/test/java/features/firstprogram.feature:36
@Before ----setup entries for brokerbankingsetup
Launch the browser from config variables
  When Launch the browser from config variables                           # stepDefinitions.firstprogram.launch_the_browser_from_config_variables()
hit the home page url of banking site
  And hit the home page url of banking site                               # stepDefinitions.firstprogram.hit_the_home_page_url_of_banking_site()
User is on NetBanking landing page executes before every scenario
  Given User is on NetBanking landing page                                # stepDefinitions.firstprogram.user_is_on_net_banking_landing_page()
username is:"alex" and password is:0987
Test Git Push
  When User login into application with username "alex" and password 0987 # stepDefinitions.firstprogram.user_login_into_application_with_username_and_password(java.lang.String,java.lang.String)
  Then Home Page is displayed                                             # stepDefinitions.firstprogram.home_page_is_displayed()
  And Card are displayed                                                  # stepDefinitions.firstprogram.card_are_displayed()
]]></system-out>
    <system-err><![CDATA[SLF4J: Failed to load class "org.slf4j.impl.StaticLoggerBinder".
SLF4J: Defaulting to no-operation (NOP) logger implementation
SLF4J: See http://www.slf4j.org/codes.html#StaticLoggerBinder for further details.
Jun 14, 2025 1:09:32 PM org.openqa.selenium.devtools.CdpVersionFinder findNearestMatch
WARNING: Unable to find an exact match for CDP version 137, returning the closest version; found: 134; Please update to a Selenium version that supports CDP version 137
Jun 14, 2025 1:09:37 PM org.openqa.selenium.remote.http.WebSocket$Listener onError
WARNING: Connection reset
java.net.SocketException: Connection reset
	at java.base/sun.nio.ch.SocketChannelImpl.throwConnectionReset(SocketChannelImpl.java:403)
	at java.base/sun.nio.ch.SocketChannelImpl.implRead(SocketChannelImpl.java:435)
	at java.base/sun.nio.ch.SocketChannelImpl.read(SocketChannelImpl.java:493)
	at java.net.http/jdk.internal.net.http.SocketTube.readAvailable(SocketTube.java:1178)
	at java.net.http/jdk.internal.net.http.SocketTube$InternalReadPublisher$InternalReadSubscription.read(SocketTube.java:841)
	at java.net.http/jdk.internal.net.http.SocketTube$SocketFlowTask.run(SocketTube.java:181)
	at java.net.http/jdk.internal.net.http.common.SequentialScheduler$SchedulableTask.run(SequentialScheduler.java:207)
	at java.net.http/jdk.internal.net.http.common.SequentialScheduler.runOrSchedule(SequentialScheduler.java:280)
	at java.net.http/jdk.internal.net.http.common.SequentialScheduler.runOrSchedule(SequentialScheduler.java:233)
	at java.net.http/jdk.internal.net.http.SocketTube$InternalReadPublisher$InternalReadSubscription.signalReadable(SocketTube.java:782)
	at java.net.http/jdk.internal.net.http.SocketTube$InternalReadPublisher$ReadEvent.signalEvent(SocketTube.java:965)
	at java.net.http/jdk.internal.net.http.SocketTube$SocketFlowEvent.handle(SocketTube.java:253)
	at java.net.http/jdk.internal.net.http.HttpClientImpl$SelectorManager.handleEvent(HttpClientImpl.java:1476)
	at java.net.http/jdk.internal.net.http.HttpClientImpl$SelectorManager.lambda$run$3(HttpClientImpl.java:1421)
	at java.base/java.util.ArrayList.forEach(ArrayList.java:1597)
	at java.net.http/jdk.internal.net.http.HttpClientImpl$SelectorManager.run(HttpClientImpl.java:1421)

]]></system-err>
  </testcase>
</testsuite>