<?xml version="1.0" encoding="UTF-8"?>
<testsuite xmlns:xsi="http://www.w3.org/2001/XMLSchema-instance" xsi:noNamespaceSchemaLocation="https://maven.apache.org/surefire/maven-surefire-plugin/xsd/surefire-test-report-3.0.xsd" version="3.0" name="TestSuite" time="12.34" tests="2" errors="0" skipped="0" failures="1">
  <properties>
[...]
</properties>
  <testcase name="runScenario[&quot;Search Experience for Prodcut Search in both home and offers page&quot;, &quot;Search the Order for Products&quot;](1)" classname="cucumberOptions.TestNGRunner" time="10.832">
    <system-out><![CDATA[
@OffersPage
Scenario Outline: Search Experience for Prodcut Search in both home and offers page # src/test/java/features/searchproduct.feature:13

@OffersPage
Scenario Outline: Search Experience for Prodcut Search in both home and offers page # src/test/java/features/searchproduct.feature:12
  Given User is on GreenCart Landing Page                                           # stepDefinitions.LandingPageStepDefinition.user_is_on_green_cart_landing_page()
  Given User is on GreenCart Landing Page                                           # stepDefinitions.LandingPageStepDefinition.user_is_on_green_cart_landing_page()
Actual prodcut name on homepage is: Tomato
  When User searched with shortname Tom and extract actual name of product          # stepDefinitions.LandingPageStepDefinition.user_searched_with_shortname_and_extract_actual_name_of_product(java.lang.String)
Actual prodcut name on homepage is: Beetroot
  When User searched with shortname Beet and extract actual name of product         # stepDefinitions.LandingPageStepDefinition.user_searched_with_shortname_and_extract_actual_name_of_product(java.lang.String)
  Then User searched for Tom shortname in offers page                               # stepDefinitions.OfferPageStepDefinition.user_searched_for_same_shortname_in_offers_page_to_check_if_prodcut_exist(java.lang.String)
  And validate product name matches with offer name                                 # stepDefinitions.OfferPageStepDefinition.validate_product_name_matches_with_offer_name()
  Then User searched for Beet shortname in offers page                              # stepDefinitions.OfferPageStepDefinition.user_searched_for_same_shortname_in_offers_page_to_check_if_prodcut_exist(java.lang.String)
  And validate product name matches with offer name                                 # stepDefinitions.OfferPageStepDefinition.validate_product_name_matches_with_offer_name()
      java.lang.AssertionError: expected [Beetroot] but found [No data]
      	at org.testng.Assert.fail(Assert.java:111)
      	at org.testng.Assert.failNotEquals(Assert.java:1578)
      	at org.testng.Assert.assertEqualsImpl(Assert.java:150)
      	at org.testng.Assert.assertEquals(Assert.java:132)
      	at org.testng.Assert.assertEquals(Assert.java:656)
      	at org.testng.Assert.assertEquals(Assert.java:666)
      	at stepDefinitions.OfferPageStepDefinition.validate_product_name_matches_with_offer_name(OfferPageStepDefinition.java:57)
      	at ✽.validate product name matches with offer name(file:///C:/Users/pagilla/eclipse-workspace/Cucumber/src/test/java/features/searchproduct.feature:8)
]]></system-out>
    <system-err><![CDATA[SLF4J: Failed to load class "org.slf4j.impl.StaticLoggerBinder".
SLF4J: Defaulting to no-operation (NOP) logger implementation
SLF4J: See http://www.slf4j.org/codes.html#StaticLoggerBinder for further details.
Apr 22, 2025 11:35:11 PM org.openqa.selenium.manager.SeleniumManager lambda$runCommand$1
WARNING: The chromedriver version (134.0.6998.88) detected in PATH at C:\Users\pagilla\AppData\Local\Programs\Python\Python310\chromedriver.exe might not be compatible with the detected chrome version (135.0.7049.96); currently, chromedriver 135.0.7049.97 is recommended for chrome 135.*, so it is advised to delete the driver in PATH and retry
Apr 22, 2025 11:35:11 PM org.openqa.selenium.manager.SeleniumManager lambda$runCommand$1
WARNING: The chromedriver version (134.0.6998.88) detected in PATH at C:\Users\pagilla\AppData\Local\Programs\Python\Python310\chromedriver.exe might not be compatible with the detected chrome version (135.0.7049.96); currently, chromedriver 135.0.7049.97 is recommended for chrome 135.*, so it is advised to delete the driver in PATH and retry
Apr 22, 2025 11:35:12 PM org.openqa.selenium.devtools.CdpVersionFinder findNearestMatch
WARNING: Unable to find an exact match for CDP version 135, returning the closest version; found: 134; Please update to a Selenium version that supports CDP version 135
Apr 22, 2025 11:35:12 PM org.openqa.selenium.devtools.CdpVersionFinder findNearestMatch
WARNING: Unable to find an exact match for CDP version 135, returning the closest version; found: 134; Please update to a Selenium version that supports CDP version 135
]]></system-err>
  </testcase>
  <testcase name="runScenario[&quot;Search Experience for Prodcut Search in both home and offers page&quot;, &quot;Search the Order for Products&quot;](2)" classname="cucumberOptions.TestNGRunner" time="10.992">
    <failure message="expected [Beetroot] but found [No data]" type="java.lang.AssertionError"><![CDATA[java.lang.AssertionError: expected [Beetroot] but found [No data]
	at org.testng.Assert.fail(Assert.java:111)
	at org.testng.Assert.failNotEquals(Assert.java:1578)
	at org.testng.Assert.assertEqualsImpl(Assert.java:150)
	at org.testng.Assert.assertEquals(Assert.java:132)
	at org.testng.Assert.assertEquals(Assert.java:656)
	at org.testng.Assert.assertEquals(Assert.java:666)
	at stepDefinitions.OfferPageStepDefinition.validate_product_name_matches_with_offer_name(OfferPageStepDefinition.java:57)
	at ✽.validate product name matches with offer name(file:///C:/Users/pagilla/eclipse-workspace/Cucumber/src/test/java/features/searchproduct.feature:8)
]]></failure>
    <system-out><![CDATA[
    Embedding image [image/png 30536 bytes]

]]></system-out>
  </testcase>
</testsuite>