<?xml version="1.0" encoding="UTF-8"?>
<!-- Generated by org.testng.reporters.JUnitReportReporter -->
<testsuite hostname="w5ccsseagapp07" failures="1" tests="1" name="cucumberOptions.FailedTestsRunner" time="10.396" errors="0" timestamp="2025-04-18T15:18:35 EDT" skipped="0">
  <testcase classname="cucumberOptions.FailedTestsRunner" name="runScenario" time="10.396">
    <failure message="expected [Beetroot] but found [No data]" type="java.lang.AssertionError">
      <![CDATA[java.lang.AssertionError: expected [Beetroot] but found [No data]
at org.testng.Assert.fail(Assert.java:111)
at org.testng.Assert.failNotEquals(Assert.java:1578)
at org.testng.Assert.assertEqualsImpl(Assert.java:150)
at org.testng.Assert.assertEquals(Assert.java:132)
at org.testng.Assert.assertEquals(Assert.java:656)
at org.testng.Assert.assertEquals(Assert.java:666)
at stepDefinitions.OfferPageStepDefinition.validate_product_name_matches_with_offer_name(OfferPageStepDefinition.java:57)
at ✽.validate product name matches with offer name(file:///C:/Users/pagilla/eclipse-workspace/Cucumber/src/test/java/features/searchproduct.feature:8)
]]>
    </failure>
  </testcase> <!-- runScenario -->
</testsuite> <!-- cucumberOptions.FailedTestsRunner -->
